# JRE version: OpenJDK Runtime Environment Temurin-17.0.6+10 (17.0.6+10) (build 17.0.6+10)
# Java VM: OpenJDK 64-Bit Server VM Temurin-17.0.6+10 (17.0.6+10, mixed mode, tiered, compressed oops, compressed class ptrs, parallel gc, linux-amd64)
GC Precious Log:
 CPUs: 16 total, 16 available
 Memory: 15950M
 Large Page Support: Disabled
 NUMA Support: Disabled
 Compressed Oops: Enabled (32-bit)
 Alignments: Space 512K, Generation 512K, Heap 2M
 Heap Min Capacity: 100M
 Heap Initial Capacity: 100M
 Heap Max Capacity: 1G
 Pre-touch: Disabled
 Parallel Workers: 13
Heap:
 PSYoungGen      total 66560K, used 19316K [0x00000000eab00000, 0x00000000f2b00000, 0x0000000100000000)
  eden space 53248K, 12% used [0x00000000eab00000,0x00000000eb147d08,0x00000000edf00000)
  from space 13312K, 96% used [0x00000000f1e00000,0x00000000f2a95648,0x00000000f2b00000)
  to   space 27136K, 0% used [0x00000000ef600000,0x00000000ef600000,0x00000000f1080000)
 ParOldGen       total 385536K, used 289663K [0x00000000c0000000, 0x00000000d7880000, 0x00000000eab00000)
  object space 385536K, 75% used [0x00000000c0000000,0x00000000d1adfce0,0x00000000d7880000)
 Metaspace       used 56181K, committed 56960K, reserved 1105920K
  class space    used 6101K, committed 6400K, reserved 1048576K
GC Heap History (20 events):
Event: 7.963 GC heap before
{Heap before GC invocations=64 (full 6):
 PSYoungGen      total 41984K, used 41644K [0x00000000eab00000, 0x00000000ede00000, 0x0000000100000000)
  eden space 34816K, 100% used [0x00000000eab00000,0x00000000ecd00000,0x00000000ecd00000)
  from space 7168K, 95% used [0x00000000ed700000,0x00000000eddab070,0x00000000ede00000)
  to   space 7680K, 0% used [0x00000000ecf00000,0x00000000ecf00000,0x00000000ed680000)
 ParOldGen       total 226816K, used 201793K [0x00000000c0000000, 0x00000000cdd80000, 0x00000000eab00000)
  object space 226816K, 88% used [0x00000000c0000000,0x00000000cc510580,0x00000000cdd80000)
 Metaspace       used 55455K, committed 56320K, reserved 1105920K
  class space    used 6028K, committed 6400K, reserved 1048576K
}
Event: 7.976 GC heap after
{Heap after GC invocations=64 (full 6):
 PSYoungGen      total 44544K, used 7600K [0x00000000eab00000, 0x00000000ee180000, 0x0000000100000000)
  eden space 36864K, 0% used [0x00000000eab00000,0x00000000eab00000,0x00000000ecf00000)
  from space 7680K, 98% used [0x00000000ecf00000,0x00000000ed66c2b8,0x00000000ed680000)
  to   space 8192K, 0% used [0x00000000ed980000,0x00000000ed980000,0x00000000ee180000)
 ParOldGen       total 226816K, used 208344K [0x00000000c0000000, 0x00000000cdd80000, 0x00000000eab00000)
  object space 226816K, 91% used [0x00000000c0000000,0x00000000ccb761c0,0x00000000cdd80000)
 Metaspace       used 55455K, committed 56320K, reserved 1105920K
  class space    used 6028K, committed 6400K, reserved 1048576K
}
Event: 8.049 GC heap before
{Heap before GC invocations=65 (full 6):
 PSYoungGen      total 44544K, used 44464K [0x00000000eab00000, 0x00000000ee180000, 0x0000000100000000)
  eden space 36864K, 100% used [0x00000000eab00000,0x00000000ecf00000,0x00000000ecf00000)
  from space 7680K, 98% used [0x00000000ecf00000,0x00000000ed66c2b8,0x00000000ed680000)
  to   space 8192K, 0% used [0x00000000ed980000,0x00000000ed980000,0x00000000ee180000)
 ParOldGen       total 226816K, used 208344K [0x00000000c0000000, 0x00000000cdd80000, 0x00000000eab00000)
  object space 226816K, 91% used [0x00000000c0000000,0x00000000ccb761c0,0x00000000cdd80000)
 Metaspace       used 55455K, committed 56320K, reserved 1105920K
  class space    used 6028K, committed 6400K, reserved 1048576K
}
Event: 8.065 GC heap after
{Heap after GC invocations=65 (full 6):
 PSYoungGen      total 47616K, used 7807K [0x00000000eab00000, 0x00000000ee400000, 0x0000000100000000)
  eden space 39424K, 0% used [0x00000000eab00000,0x00000000eab00000,0x00000000ed180000)
  from space 8192K, 95% used [0x00000000ed980000,0x00000000ee11fd10,0x00000000ee180000)
  to   space 8192K, 0% used [0x00000000ed180000,0x00000000ed180000,0x00000000ed980000)
 ParOldGen       total 226816K, used 215695K [0x00000000c0000000, 0x00000000cdd80000, 0x00000000eab00000)
  object space 226816K, 95% used [0x00000000c0000000,0x00000000cd2a3c68,0x00000000cdd80000)
 Metaspace       used 55455K, committed 56320K, reserved 1105920K
  class space    used 6028K, committed 6400K, reserved 1048576K
}
Event: 8.189 GC heap before
{Heap before GC invocations=66 (full 6):
 PSYoungGen      total 47616K, used 47231K [0x00000000eab00000, 0x00000000ee400000, 0x0000000100000000)
  eden space 39424K, 100% used [0x00000000eab00000,0x00000000ed180000,0x00000000ed180000)
  from space 8192K, 95% used [0x00000000ed980000,0x00000000ee11fd10,0x00000000ee180000)
  to   space 8192K, 0% used [0x00000000ed180000,0x00000000ed180000,0x00000000ed980000)
 ParOldGen       total 226816K, used 215695K [0x00000000c0000000, 0x00000000cdd80000, 0x00000000eab00000)
  object space 226816K, 95% used [0x00000000c0000000,0x00000000cd2a3c68,0x00000000cdd80000)
 Metaspace       used 55455K, committed 56320K, reserved 1105920K
  class space    used 6028K, committed 6400K, reserved 1048576K
}
Event: 8.205 GC heap after
{Heap after GC invocations=66 (full 6):
 PSYoungGen      total 47616K, used 8191K [0x00000000eab00000, 0x00000000ef980000, 0x0000000100000000)
  eden space 39424K, 0% used [0x00000000eab00000,0x00000000eab00000,0x00000000ed180000)
  from space 8192K, 99% used [0x00000000ed180000,0x00000000ed97fe70,0x00000000ed980000)
  to   space 17920K, 0% used [0x00000000ee800000,0x00000000ee800000,0x00000000ef980000)
 ParOldGen       total 226816K, used 223730K [0x00000000c0000000, 0x00000000cdd80000, 0x00000000eab00000)
  object space 226816K, 98% used [0x00000000c0000000,0x00000000cda7cb78,0x00000000cdd80000)
 Metaspace       used 55455K, committed 56320K, reserved 1105920K
  class space    used 6028K, committed 6400K, reserved 1048576K
}
Event: 8.205 GC heap before
{Heap before GC invocations=67 (full 7):
 PSYoungGen      total 47616K, used 8191K [0x00000000eab00000, 0x00000000ef980000, 0x0000000100000000)
  eden space 39424K, 0% used [0x00000000eab00000,0x00000000eab00000,0x00000000ed180000)
  from space 8192K, 99% used [0x00000000ed180000,0x00000000ed97fe70,0x00000000ed980000)
  to   space 17920K, 0% used [0x00000000ee800000,0x00000000ee800000,0x00000000ef980000)
 ParOldGen       total 226816K, used 223730K [0x00000000c0000000, 0x00000000cdd80000, 0x00000000eab00000)
  object space 226816K, 98% used [0x00000000c0000000,0x00000000cda7cb78,0x00000000cdd80000)
 Metaspace       used 55455K, committed 56320K, reserved 1105920K
  class space    used 6028K, committed 6400K, reserved 1048576K
}
Event: 8.285 GC heap after
{Heap after GC invocations=67 (full 7):
 PSYoungGen      total 47616K, used 2928K [0x00000000eab00000, 0x00000000ef980000, 0x0000000100000000)
  eden space 39424K, 0% used [0x00000000eab00000,0x00000000eab00000,0x00000000ed180000)
  from space 8192K, 35% used [0x00000000ed180000,0x00000000ed45c350,0x00000000ed980000)
  to   space 17920K, 0% used [0x00000000ee800000,0x00000000ee800000,0x00000000ef980000)
 ParOldGen       total 288256K, used 226365K [0x00000000c0000000, 0x00000000d1980000, 0x00000000eab00000)
  object space 288256K, 78% used [0x00000000c0000000,0x00000000cdd0f688,0x00000000d1980000)
 Metaspace       used 55455K, committed 56320K, reserved 1105920K
  class space    used 6028K, committed 6400K, reserved 1048576K
}
Event: 8.374 GC heap before
{Heap before GC invocations=68 (full 7):
 PSYoungGen      total 47616K, used 42352K [0x00000000eab00000, 0x00000000ef980000, 0x0000000100000000)
  eden space 39424K, 100% used [0x00000000eab00000,0x00000000ed180000,0x00000000ed180000)
  from space 8192K, 35% used [0x00000000ed180000,0x00000000ed45c350,0x00000000ed980000)
  to   space 17920K, 0% used [0x00000000ee800000,0x00000000ee800000,0x00000000ef980000)
 ParOldGen       total 288256K, used 226365K [0x00000000c0000000, 0x00000000d1980000, 0x00000000eab00000)
  object space 288256K, 78% used [0x00000000c0000000,0x00000000cdd0f688,0x00000000d1980000)
 Metaspace       used 55455K, committed 56320K, reserved 1105920K
  class space    used 6028K, committed 6400K, reserved 1048576K
}
Event: 8.398 GC heap after
{Heap after GC invocations=68 (full 7):
 PSYoungGen      total 54272K, used 9384K [0x00000000eab00000, 0x00000000ef180000, 0x0000000100000000)
  eden space 44544K, 0% used [0x00000000eab00000,0x00000000eab00000,0x00000000ed680000)
  from space 9728K, 96% used [0x00000000ee800000,0x00000000ef12a208,0x00000000ef180000)
  to   space 12288K, 0% used [0x00000000ed980000,0x00000000ed980000,0x00000000ee580000)
 ParOldGen       total 288256K, used 229448K [0x00000000c0000000, 0x00000000d1980000, 0x00000000eab00000)
  object space 288256K, 79% used [0x00000000c0000000,0x00000000ce012190,0x00000000d1980000)
 Metaspace       used 55455K, committed 56320K, reserved 1105920K
  class space    used 6028K, committed 6400K, reserved 1048576K
}
Event: 8.496 GC heap before
{Heap before GC invocations=69 (full 7):
 PSYoungGen      total 54272K, used 53928K [0x00000000eab00000, 0x00000000ef180000, 0x0000000100000000)
  eden space 44544K, 100% used [0x00000000eab00000,0x00000000ed680000,0x00000000ed680000)
  from space 9728K, 96% used [0x00000000ee800000,0x00000000ef12a208,0x00000000ef180000)
  to   space 12288K, 0% used [0x00000000ed980000,0x00000000ed980000,0x00000000ee580000)
 ParOldGen       total 288256K, used 229448K [0x00000000c0000000, 0x00000000d1980000, 0x00000000eab00000)
  object space 288256K, 79% used [0x00000000c0000000,0x00000000ce012190,0x00000000d1980000)
 Metaspace       used 55455K, committed 56320K, reserved 1105920K
  class space    used 6028K, committed 6400K, reserved 1048576K
}
Event: 8.519 GC heap after
{Heap after GC invocations=69 (full 7):
 PSYoungGen      total 59904K, used 12282K [0x00000000eab00000, 0x00000000f0b80000, 0x0000000100000000)
  eden space 47616K, 0% used [0x00000000eab00000,0x00000000eab00000,0x00000000ed980000)
  from space 12288K, 99% used [0x00000000ed980000,0x00000000ee57eb10,0x00000000ee580000)
  to   space 24064K, 0% used [0x00000000ef400000,0x00000000ef400000,0x00000000f0b80000)
 ParOldGen       total 288256K, used 238885K [0x00000000c0000000, 0x00000000d1980000, 0x00000000eab00000)
  object space 288256K, 82% used [0x00000000c0000000,0x00000000ce9495e0,0x00000000d1980000)
 Metaspace       used 55455K, committed 56320K, reserved 1105920K
  class space    used 6028K, committed 6400K, reserved 1048576K
}
Event: 8.626 GC heap before
{Heap before GC invocations=70 (full 7):
 PSYoungGen      total 59904K, used 59898K [0x00000000eab00000, 0x00000000f0b80000, 0x0000000100000000)
  eden space 47616K, 100% used [0x00000000eab00000,0x00000000ed980000,0x00000000ed980000)
  from space 12288K, 99% used [0x00000000ed980000,0x00000000ee57eb10,0x00000000ee580000)
  to   space 24064K, 0% used [0x00000000ef400000,0x00000000ef400000,0x00000000f0b80000)
 ParOldGen       total 288256K, used 238885K [0x00000000c0000000, 0x00000000d1980000, 0x00000000eab00000)
  object space 288256K, 82% used [0x00000000c0000000,0x00000000ce9495e0,0x00000000d1980000)
 Metaspace       used 55455K, committed 56320K, reserved 1105920K
  class space    used 6028K, committed 6400K, reserved 1048576K
}
Event: 8.666 GC heap after
{Heap after GC invocations=70 (full 7):
 PSYoungGen      total 72704K, used 18155K [0x00000000eab00000, 0x00000000f0600000, 0x0000000100000000)
  eden space 54272K, 0% used [0x00000000eab00000,0x00000000eab00000,0x00000000ee000000)
  from space 18432K, 98% used [0x00000000ef400000,0x00000000f05bac28,0x00000000f0600000)
  to   space 19456K, 0% used [0x00000000ee000000,0x00000000ee000000,0x00000000ef300000)
 ParOldGen       total 288256K, used 250738K [0x00000000c0000000, 0x00000000d1980000, 0x00000000eab00000)
  object space 288256K, 86% used [0x00000000c0000000,0x00000000cf4dcb70,0x00000000d1980000)
 Metaspace       used 55455K, committed 56320K, reserved 1105920K
  class space    used 6028K, committed 6400K, reserved 1048576K
}
Event: 9.395 GC heap before
{Heap before GC invocations=71 (full 7):
 PSYoungGen      total 72704K, used 72427K [0x00000000eab00000, 0x00000000f0600000, 0x0000000100000000)
  eden space 54272K, 100% used [0x00000000eab00000,0x00000000ee000000,0x00000000ee000000)
  from space 18432K, 98% used [0x00000000ef400000,0x00000000f05bac28,0x00000000f0600000)
  to   space 19456K, 0% used [0x00000000ee000000,0x00000000ee000000,0x00000000ef300000)
 ParOldGen       total 288256K, used 250738K [0x00000000c0000000, 0x00000000d1980000, 0x00000000eab00000)
  object space 288256K, 86% used [0x00000000c0000000,0x00000000cf4dcb70,0x00000000d1980000)
 Metaspace       used 55511K, committed 56384K, reserved 1105920K
  class space    used 6037K, committed 6400K, reserved 1048576K
}
Event: 9.447 GC heap after
{Heap after GC invocations=71 (full 7):
 PSYoungGen      total 73728K, used 19448K [0x00000000eab00000, 0x00000000f5600000, 0x0000000100000000)
  eden space 54272K, 0% used [0x00000000eab00000,0x00000000eab00000,0x00000000ee000000)
  from space 19456K, 99% used [0x00000000ee000000,0x00000000ef2fe210,0x00000000ef300000)
  to   space 56832K, 0% used [0x00000000f1e80000,0x00000000f1e80000,0x00000000f5600000)
 ParOldGen       total 288256K, used 282193K [0x00000000c0000000, 0x00000000d1980000, 0x00000000eab00000)
  object space 288256K, 97% used [0x00000000c0000000,0x00000000d1394678,0x00000000d1980000)
 Metaspace       used 55511K, committed 56384K, reserved 1105920K
  class space    used 6037K, committed 6400K, reserved 1048576K
}
Event: 9.447 GC heap before
{Heap before GC invocations=72 (full 8):
 PSYoungGen      total 73728K, used 19448K [0x00000000eab00000, 0x00000000f5600000, 0x0000000100000000)
  eden space 54272K, 0% used [0x00000000eab00000,0x00000000eab00000,0x00000000ee000000)
  from space 19456K, 99% used [0x00000000ee000000,0x00000000ef2fe210,0x00000000ef300000)
  to   space 56832K, 0% used [0x00000000f1e80000,0x00000000f1e80000,0x00000000f5600000)
 ParOldGen       total 288256K, used 282193K [0x00000000c0000000, 0x00000000d1980000, 0x00000000eab00000)
  object space 288256K, 97% used [0x00000000c0000000,0x00000000d1394678,0x00000000d1980000)
 Metaspace       used 55511K, committed 56384K, reserved 1105920K
  class space    used 6037K, committed 6400K, reserved 1048576K
}
Event: 9.658 GC heap after
{Heap after GC invocations=72 (full 8):
 PSYoungGen      total 73728K, used 12243K [0x00000000eab00000, 0x00000000f5580000, 0x0000000100000000)
  eden space 54272K, 0% used [0x00000000eab00000,0x00000000eab00000,0x00000000ee000000)
  from space 19456K, 62% used [0x00000000ee000000,0x00000000eebf4d48,0x00000000ef300000)
  to   space 56832K, 0% used [0x00000000f1e00000,0x00000000f1e00000,0x00000000f5580000)
 ParOldGen       total 385536K, used 288103K [0x00000000c0000000, 0x00000000d7880000, 0x00000000eab00000)
  object space 385536K, 74% used [0x00000000c0000000,0x00000000d1959ce0,0x00000000d7880000)
 Metaspace       used 55511K, committed 56384K, reserved 1105920K
  class space    used 6037K, committed 6400K, reserved 1048576K
}
Event: 381.858 GC heap before
{Heap before GC invocations=73 (full 8):
 PSYoungGen      total 73728K, used 66515K [0x00000000eab00000, 0x00000000f5580000, 0x0000000100000000)
  eden space 54272K, 100% used [0x00000000eab00000,0x00000000ee000000,0x00000000ee000000)
  from space 19456K, 62% used [0x00000000ee000000,0x00000000eebf4d48,0x00000000ef300000)
  to   space 56832K, 0% used [0x00000000f1e00000,0x00000000f1e00000,0x00000000f5580000)
 ParOldGen       total 385536K, used 288103K [0x00000000c0000000, 0x00000000d7880000, 0x00000000eab00000)
  object space 385536K, 74% used [0x00000000c0000000,0x00000000d1959ce0,0x00000000d7880000)
 Metaspace       used 55754K, committed 56640K, reserved 1105920K
  class space    used 6059K, committed 6400K, reserved 1048576K
}
Event: 381.895 GC heap after
{Heap after GC invocations=73 (full 8):
 PSYoungGen      total 66560K, used 12885K [0x00000000eab00000, 0x00000000f2b00000, 0x0000000100000000)
  eden space 53248K, 0% used [0x00000000eab00000,0x00000000eab00000,0x00000000edf00000)
  from space 13312K, 96% used [0x00000000f1e00000,0x00000000f2a95648,0x00000000f2b00000)
  to   space 27136K, 0% used [0x00000000ef600000,0x00000000ef600000,0x00000000f1080000)
 ParOldGen       total 385536K, used 289663K [0x00000000c0000000, 0x00000000d7880000, 0x00000000eab00000)
  object space 385536K, 75% used [0x00000000c0000000,0x00000000d1adfce0,0x00000000d7880000)
 Metaspace       used 55754K, committed 56640K, reserved 1105920K
  class space    used 6059K, committed 6400K, reserved 1048576K
}

